16:00:27.856	Параметры:
16:00:27.872	vector.log
16:00:27.888	D:\Project\nsk\!автоимпорт\adr_plan\Здания.TAB
16:00:27.903	null
16:00:27.935	null
16:00:27.95	BuildGeofond_ID
16:00:27.957	CadNum=Кадастровый_номер, Name=Название, District=Район, Street=Полное_Наименование_улицы, House=Номер_дома, Street2=Улица_2, House2=Номер_дома_2, Purpose=Назначение, Material=Материал, FloorCount=Этажность, UpdateDate=Дата_обновления, Characteristic=Характеристика, Notes=Примечание, Code=Code, IDzdan=IDzdan
16:00:27.972	null
16:00:27.988	true
16:00:28.004	5435
16:00:28.019	5435
16:00:28.051	true
16:00:28.057	false

16:00:28.104	Файл не найден
16:00:28.12	--------------


16:00:28.173	Параметры:
16:00:28.189	vector.log
16:00:28.204	D:\Project\nsk\!автоимпорт\adr_plan\Резервные_адреса.TAB
16:00:28.204	null
16:00:28.204	null
16:00:28.204	ReserveAddress_ID
16:00:28.204	Name=Название, Purpose=Назначение, Material=Материал, FloorCount=Этажность, Characteristic=Характеристика, District=Район, Street=Полное_Наименование_улицы, House=Номер_дома, Street2=Улица_2, House2=Номер_дома_2, UpdateDate=Дата_обновления, Doc=Постановление, Notes=Примечание, Code=Code, IDzdan=IDzdan
16:00:28.204	null
16:00:28.22	true
16:00:28.22	5435
16:00:28.22	5435
16:00:28.22	true
16:00:28.22	false

16:00:28.22	Файл не найден
16:00:28.22	--------------


16:00:28.258	Параметры:
16:00:28.258	vector.log
16:00:28.258	D:\Project\nsk\podzem\DOR__@.TAB
16:00:28.258	null
16:00:28.258	null
16:00:28.258	UnComm_ID
16:00:28.273	FName=DOR__@.TAB, UnCommType_ID=203, Name=Название_объекта, CommType=Тип_коммуникации, ProjectOrgan=Проектная_организация, ProjectNumb=Номер_проекта, Customer=Заказчик, ProgectAgree=Дата_согласования_номер_проекта, TrassDirection=Согласно_направлению_трасс, ProjectDate=Дата_поступления_проекта, RegNumb=Регистрационный_номер
16:00:28.273	null
16:00:28.273	true
16:00:28.273	5435
16:00:28.273	5435
16:00:28.273	geeEquals(FName, 'DOR__@.TAB')
16:00:28.273	false

16:00:28.289	Файл не найден
16:00:28.289	--------------


16:00:28.32	Параметры:
16:00:28.32	vector.log
16:00:28.32	D:\Project\nsk\podzem\KABEL.TAB
16:00:28.32	null
16:00:28.32	null
16:00:28.32	UnComm_ID
16:00:28.32	FName=KABEL.TAB, UnCommType_ID=212, Name=Название_объекта, CommType=Тип_коммуникации, ProjectOrgan=Проектная_организация, ProjectNumb=Номер_проекта, Customer=Заказчик, ProgectAgree=Дата_согласования_номер_проекта, TrassDirection=Согласно_направлению_трасс, ProjectDate=Дата_поступления_проекта, RegNumb=Регистрационный_номер, PeriodTU=Срок_действия_ТУ
16:00:28.32	null
16:00:28.32	true
16:00:28.32	5435
16:00:28.336	5435
16:00:28.336	geeEquals(FName, 'KABEL.TAB')
16:00:28.336	false

16:00:28.336	Файл не найден
16:00:28.336	--------------


16:00:28.373	Параметры:
16:00:28.373	vector.log
16:00:28.373	D:\Project\nsk\podzem\KABEL_@.TAB
16:00:28.373	null
16:00:28.373	null
16:00:28.373	UnComm_ID
16:00:28.373	FName=KABEL_@.TAB, UnCommType_ID=212, Name=Название_объекта, CommType=Тип_коммуникации, ProjectOrgan=Проектная_организация, ProjectNumb=Номер_проекта, Customer=Заказчик, ProgectAgree=Дата_согласования_номер_проекта, TrassDirection=Согласно_направлению_трасс, ProjectDate=Дата_поступления_проекта, RegNumb=Регистрационный_номер, PeriodTU=Срок_действия_ТУ
16:00:28.373	null
16:00:28.373	true
16:00:28.389	5435
16:00:28.389	5435
16:00:28.389	geeEquals(FName, 'KABEL_@.TAB')
16:00:28.389	false

16:00:28.389	Файл не найден
16:00:28.389	--------------


16:00:28.42	Параметры:
16:00:28.42	vector.log
16:00:28.42	D:\Project\nsk\podzem\KABEL_V.TAB
16:00:28.42	null
16:00:28.436	null
16:00:28.436	UnComm_ID
16:00:28.436	FName=KABEL_V.TAB, UnCommType_ID=211, Name=Название_объекта, CommType=Тип_коммуникации, ProjectOrgan=Проектная_организация, ProjectNumb=Номер_проекта, Customer=Заказчик, ProgectAgree=Дата_согласования_номер_проекта, TrassDirection=Согласно_направлению_трасс, ProjectDate=Дата_поступления_проекта, RegNumb=Регистрационный_номер, PeriodTU=Срок_действия_ТУ
16:00:28.436	null
16:00:28.436	true
16:00:28.436	5435
16:00:28.436	5435
16:00:28.436	geeEquals(FName, 'KABEL_V.TAB')
16:00:28.436	false

16:00:28.452	Файл не найден
16:00:28.452	--------------


16:00:28.474	Параметры:
16:00:28.474	vector.log
16:00:28.474	D:\Project\nsk\podzem\KABEL_V@.TAB
16:00:28.489	null
16:00:28.489	null
16:00:28.489	UnComm_ID
16:00:28.489	FName=KABEL_V@.TAB, UnCommType_ID=211, Name=Название_объекта, CommType=Тип_коммуникации, ProjectOrgan=Проектная_организация, ProjectNumb=Номер_проекта, Customer=Заказчик, ProgectAgree=Дата_согласования_номер_проекта, TrassDirection=Согласно_направлению_трасс, ProjectDate=Дата_поступления_проекта, RegNumb=Регистрационный_номер, PeriodTU=Срок_действия_ТУ
16:00:28.489	null
16:00:28.489	true
16:00:28.489	5435
16:00:28.489	5435
16:00:28.489	geeEquals(FName, 'KABEL_V@.TAB')
16:00:28.489	false

16:00:28.505	Файл не найден
16:00:28.505	--------------


16:00:28.536	Параметры:
16:00:28.536	vector.log
16:00:28.552	D:\Project\nsk\podzem\KOLODCI.TAB
16:00:28.552	null
16:00:28.552	null
16:00:28.552	UnComm_ID
16:00:28.552	FName=KOLODCI.TAB, UnCommType_ID=202, Name=Название_объекта, CommType=Тип_коммуникации, ProjectOrgan=Проектная_организация, ProjectNumb=Номер_проекта, Customer=Заказчик, ProgectAgree=Дата_согласования_номер_проекта, TrassDirection=Согласно_направлению_трасс, ProjectDate=Дата_поступления_проекта, RegNumb=Регистрационный_номер, PeriodTU=Срок_действия_ТУ
16:00:28.558	null
16:00:28.558	true
16:00:28.558	5435
16:00:28.558	5435
16:00:28.558	geeEquals(FName, 'KOLODCI.TAB')
16:00:28.558	false

16:00:28.558	Файл не найден
16:00:28.558	--------------


16:00:28.59	Параметры:
16:00:28.605	vector.log
16:00:28.605	D:\Project\nsk\podzem\KOLODCI@.TAB
16:00:28.605	null
16:00:28.605	null
16:00:28.605	UnComm_ID
16:00:28.605	FName=KOLODCI@.TAB, UnCommType_ID=202, Name=Название_объекта, CommType=Тип_коммуникации, ProjectOrgan=Проектная_организация, ProjectNumb=Номер_проекта, Customer=Заказчик, ProgectAgree=Дата_согласования_номер_проекта, TrassDirection=Согласно_направлению_трасс, ProjectDate=Дата_поступления_проекта, RegNumb=Регистрационный_номер, PeriodTU=Срок_действия_ТУ
16:00:28.605	null
16:00:28.605	true
16:00:28.605	5435
16:00:28.605	5435
16:00:28.605	geeEquals(FName, 'KOLODCI@.TAB')
16:00:28.621	false

16:00:28.621	Файл не найден
16:00:28.621	--------------


16:00:28.652	Параметры:
16:00:28.659	vector.log
16:00:28.659	D:\Project\nsk\podzem\PODP_5_@.TAB
16:00:28.659	null
16:00:28.659	null
16:00:28.659	UnComm_ID
16:00:28.659	FName=PODP_5_@.TAB, Name=Название_объекта, CommType=Тип_коммуникации, ProjectOrgan=Проектная_организация, ProjectNumb=Номер_проекта, Customer=Заказчик, ProgectAgree=Дата_согласования_номер_проекта, TrassDirection=Согласно_направлению_трасс, ProjectDate=Дата_поступления_проекта, RegNumb=Регистрационный_номер
16:00:28.659	null
16:00:28.659	true
16:00:28.659	5435
16:00:28.659	5435
16:00:28.674	geeEquals(FName, 'PODP_5_@.TAB')
16:00:28.674	false

16:00:28.674	Файл не найден
16:00:28.674	--------------


16:00:28.705	Параметры:
16:00:28.705	vector.log
16:00:28.705	D:\Project\nsk\podzem\PODP_500.TAB
16:00:28.705	null
16:00:28.721	null
16:00:28.721	UnComm_ID
16:00:28.721	FName=PODP_500.TAB, Name=Название_объекта, CommType=Тип_коммуникации, ProjectOrgan=Проектная_организация, ProjectNumb=Номер_проекта, Customer=Заказчик, ProgectAgree=Дата_согласования_номер_проекта, TrassDirection=Согласно_направлению_трасс, ProjectDate=Дата_поступления_проекта, RegNumb=Регистрационный_номер
16:00:28.721	null
16:00:28.721	true
16:00:28.721	5435
16:00:28.721	5435
16:00:28.721	geeEquals(FName, 'PODP_500.TAB')
16:00:28.721	false

16:00:28.737	Файл не найден
16:00:28.737	--------------


16:00:28.759	Параметры:
16:00:28.759	vector.log
16:00:28.759	D:\Project\nsk\podzem\TRUB.TAB
16:00:28.759	null
16:00:28.774	null
16:00:28.774	UnComm_ID
16:00:28.774	FName=TRUB.TAB, UnCommType_ID=204, Name=Название_объекта, CommType=Тип_коммуникации, ProjectOrgan=Проектная_организация, ProjectNumb=Номер_проекта, Customer=Заказчик, ProgectAgree=Дата_согласования_номер_проекта, TrassDirection=Согласно_направлению_трасс, ProjectDate=Дата_поступления_проекта, RegNumb=Регистрационный_номер, PeriodTU=Срок_действия_ТУ
16:00:28.774	null
16:00:28.774	true
16:00:28.774	5435
16:00:28.774	5435
16:00:28.774	geeEquals(FName, 'TRUB.TAB')
16:00:28.774	false

16:00:28.79	Файл не найден
16:00:28.79	--------------


16:00:28.821	Параметры:
16:00:28.821	vector.log
16:00:28.821	D:\Project\nsk\podzem\TRUB_@.TAB
16:00:28.821	null
16:00:28.821	null
16:00:28.821	UnComm_ID
16:00:28.821	FName=TRUB_@.TAB, UnCommType_ID=204, Name=Название_объекта, CommType=Тип_коммуникации, ProjectOrgan=Проектная_организация, ProjectNumb=Номер_проекта, Customer=Заказчик, ProgectAgree=Дата_согласования_номер_проекта, TrassDirection=Согласно_направлению_трасс, ProjectDate=Дата_поступления_проекта, RegNumb=Регистрационный_номер, PeriodTU=Срок_действия_ТУ
16:00:28.821	null
16:00:28.821	true
16:00:28.821	5435
16:00:28.837	5435
16:00:28.837	geeEquals(FName, 'TRUB_@.TAB')
16:00:28.837	false

16:00:28.837	Файл не найден
16:00:28.837	--------------


16:00:28.875	Параметры:
16:00:28.875	vector.log
16:00:28.875	D:\Project\nsk\podzem\TRUB_250.TAB
16:00:28.875	null
16:00:28.875	null
16:00:28.875	UnComm_ID
16:00:28.875	FName=TRUB_250.TAB, UnCommType_ID=204, Name=Название_объекта, CommType=Тип_коммуникации, ProjectOrgan=Проектная_организация, ProjectNumb=Номер_проекта, Customer=Заказчик, ProgectAgree=Дата_согласования_номер_проекта, TrassDirection=Согласно_направлению_трасс, ProjectDate=Дата_поступления_проекта, RegNumb=Регистрационный_номер, PeriodTU=Срок_действия_ТУ
16:00:28.875	null
16:00:28.875	true
16:00:28.875	5435
16:00:28.89	5435
16:00:28.89	geeEquals(FName, 'TRUB_250.TAB')
16:00:28.89	false

16:00:28.89	Файл не найден
16:00:28.89	--------------


16:00:28.922	Параметры:
16:00:28.922	vector.log
16:00:28.922	D:\Project\nsk\podzem\TRUB250@.TAB
16:00:28.922	null
16:00:28.922	null
16:00:28.922	UnComm_ID
16:00:28.937	FName=TRUB250@.TAB, UnCommType_ID=204, Name=Название_объекта, CommType=Тип_коммуникации, ProjectOrgan=Проектная_организация, ProjectNumb=Номер_проекта, Customer=Заказчик, ProgectAgree=Дата_согласования_номер_проекта, TrassDirection=Согласно_направлению_трасс, ProjectDate=Дата_поступления_проекта, RegNumb=Регистрационный_номер, PeriodTU=Срок_действия_ТУ
16:00:28.937	null
16:00:28.937	true
16:00:28.937	5435
16:00:28.937	5435
16:00:28.937	geeEquals(FName, 'TRUB250@.TAB')
16:00:28.937	false

16:00:28.937	Файл не найден
16:00:28.953	--------------


16:00:28.975	Параметры:
16:00:28.975	vector.log
16:00:28.975	D:\Project\nsk\podzem\Zdan_pr@.TAB
16:00:28.975	null
16:00:28.975	null
16:00:28.991	UnComm_ID
16:00:28.991	FName=Zdan_pr@.TAB, UnCommType_ID=201, Name=Название_объекта, CommType=Тип_коммуникации, ProjectOrgan=Проектная_организация, ProjectNumb=Номер_проекта, Customer=Заказчик, ProgectAgree=Дата_согласования_номер_проекта, TrassDirection=Согласно_направлению_трасс, ProjectDate=Дата_поступления_проекта, RegNumb=Регистрационный_номер
16:00:28.991	null
16:00:28.991	true
16:00:28.991	5435
16:00:28.991	5435
16:00:28.991	geeEquals(FName, 'Zdan_pr@.TAB')
16:00:28.991	false

16:00:29.006	Файл не найден
16:00:29.006	--------------


